Caricamento dell'estensione "Formula (pdflatex)" fallita a causa di non è stata soddisfatta una dipendenza
Dipendenza:
	tipo: executable
	posizione: tracciato
	stringa: pdflatex

Caricamento dell'estensione "XFIG Input" fallita a causa di non è stata soddisfatta una dipendenza
Dipendenza:
	tipo: executable
	posizione: tracciato
	stringa: fig2dev

Caricamento dell'estensione "Optimized PNG" fallita a causa di non è stata soddisfatta una dipendenza
Dipendenza:
	tipo: executable
	posizione: tracciato
	stringa: optipng

Caricamento dell'estensione "Export to PDF via Scribus" fallita a causa di non è stata soddisfatta una dipendenza
Dipendenza:
	tipo: executable
	posizione: tracciato
	stringa: scribus

